This is pdfTeX, Version 3.14159265-2.6-1.40.19 (MiKTeX 2.9.6730 64-bit) (preloaded format=pdflatex 2018.7.10)  27 OCT 2018 18:57
entering extended mode
**./polar_decom.tex
(polar_decom.tex
LaTeX2e <2018-04-01> patch level 5
("D:\Program Files\MiKTeX 2.9\tex\latex\base\article.cls"
Document Class: article 2014/09/29 v1.4h Standard LaTeX document class
("D:\Program Files\MiKTeX 2.9\tex\latex\base\size12.clo"
File: size12.clo 2014/09/29 v1.4h Standard LaTeX file (size option)
)
\c@part=\count80
\c@section=\count81
\c@subsection=\count82
\c@subsubsection=\count83
\c@paragraph=\count84
\c@subparagraph=\count85
\c@figure=\count86
\c@table=\count87
\abovecaptionskip=\skip41
\belowcaptionskip=\skip42
\bibindent=\dimen102
) (a4.sty
Document Option `A4': May 87
) ("D:\Program Files\MiKTeX 2.9\tex\latex\listings\listings.sty"
("D:\Program Files\MiKTeX 2.9\tex\latex\graphics\keyval.sty"
Package: keyval 2014/10/28 v1.15 key=value parser (DPC)
\KV@toks@=\toks14
)
\lst@mode=\count88
\lst@gtempboxa=\box26
\lst@token=\toks15
\lst@length=\count89
\lst@currlwidth=\dimen103
\lst@column=\count90
\lst@pos=\count91
\lst@lostspace=\dimen104
\lst@width=\dimen105
\lst@newlines=\count92
\lst@lineno=\count93
\lst@maxwidth=\dimen106

("D:\Program Files\MiKTeX 2.9\tex\latex\listings\lstmisc.sty"
File: lstmisc.sty 2015/06/04 1.6 (Carsten Heinz)
\c@lstnumber=\count94
\lst@skipnumbers=\count95
\lst@framebox=\box27
)
("D:\Program Files\MiKTeX 2.9\tex\latex\listings\listings.cfg"
File: listings.cfg 2015/06/04 1.6 listings configuration
))
Package: listings 2015/06/04 1.6 (Carsten Heinz)

("D:\Program Files\MiKTeX 2.9\tex\latex\amsmath\amsmath.sty"
Package: amsmath 2017/09/02 v2.17a AMS math features
\@mathmargin=\skip43

For additional information on amsmath, use the `?' option.
("D:\Program Files\MiKTeX 2.9\tex\latex\amsmath\amstext.sty"
Package: amstext 2000/06/29 v2.01 AMS text

("D:\Program Files\MiKTeX 2.9\tex\latex\amsmath\amsgen.sty"
File: amsgen.sty 1999/11/30 v2.0 generic functions
\@emptytoks=\toks16
\ex@=\dimen107
))
("D:\Program Files\MiKTeX 2.9\tex\latex\amsmath\amsbsy.sty"
Package: amsbsy 1999/11/29 v1.2d Bold Symbols
\pmbraise@=\dimen108
)
("D:\Program Files\MiKTeX 2.9\tex\latex\amsmath\amsopn.sty"
Package: amsopn 2016/03/08 v2.02 operator names
)
\inf@bad=\count96
LaTeX Info: Redefining \frac on input line 213.
\uproot@=\count97
\leftroot@=\count98
LaTeX Info: Redefining \overline on input line 375.
\classnum@=\count99
\DOTSCASE@=\count100
LaTeX Info: Redefining \ldots on input line 472.
LaTeX Info: Redefining \dots on input line 475.
LaTeX Info: Redefining \cdots on input line 596.
\Mathstrutbox@=\box28
\strutbox@=\box29
\big@size=\dimen109
LaTeX Font Info:    Redeclaring font encoding OML on input line 712.
LaTeX Font Info:    Redeclaring font encoding OMS on input line 713.
\macc@depth=\count101
\c@MaxMatrixCols=\count102
\dotsspace@=\muskip10
\c@parentequation=\count103
\dspbrk@lvl=\count104
\tag@help=\toks17
\row@=\count105
\column@=\count106
\maxfields@=\count107
\andhelp@=\toks18
\eqnshift@=\dimen110
\alignsep@=\dimen111
\tagshift@=\dimen112
\tagwidth@=\dimen113
\totwidth@=\dimen114
\lineht@=\dimen115
\@envbody=\toks19
\multlinegap=\skip44
\multlinetaggap=\skip45
\mathdisplay@stack=\toks20
LaTeX Info: Redefining \[ on input line 2817.
LaTeX Info: Redefining \] on input line 2818.
)
("D:\Program Files\MiKTeX 2.9\tex\latex\amsfonts\amssymb.sty"
Package: amssymb 2013/01/14 v3.01 AMS font symbols

("D:\Program Files\MiKTeX 2.9\tex\latex\amsfonts\amsfonts.sty"
Package: amsfonts 2013/01/14 v3.01 Basic AMSFonts support
\symAMSa=\mathgroup4
\symAMSb=\mathgroup5
LaTeX Font Info:    Overwriting math alphabet `\mathfrak' in version `bold'
(Font)                  U/euf/m/n --> U/euf/b/n on input line 106.
))
("D:\Program Files\MiKTeX 2.9\tex\latex\graphics\graphicx.sty"
Package: graphicx 2017/06/01 v1.1a Enhanced LaTeX Graphics (DPC,SPQR)

("D:\Program Files\MiKTeX 2.9\tex\latex\graphics\graphics.sty"
Package: graphics 2017/06/25 v1.2c Standard LaTeX Graphics (DPC,SPQR)

("D:\Program Files\MiKTeX 2.9\tex\latex\graphics\trig.sty"
Package: trig 2016/01/03 v1.10 sin cos tan (DPC)
)
("D:\Program Files\MiKTeX 2.9\tex\latex\graphics-cfg\graphics.cfg"
File: graphics.cfg 2016/06/04 v1.11 sample graphics configuration
)
Package graphics Info: Driver file: pdftex.def on input line 99.

("D:\Program Files\MiKTeX 2.9\tex\latex\graphics-def\pdftex.def"
File: pdftex.def 2018/01/08 v1.0l Graphics/color driver for pdftex
))
\Gin@req@height=\dimen116
\Gin@req@width=\dimen117
)
("D:\Program Files\MiKTeX 2.9\tex\latex\url\url.sty"
\Urlmuskip=\muskip11
Package: url 2013/09/16  ver 3.4  Verb mode for urls, etc.
)
("D:\Program Files\MiKTeX 2.9\tex\latex\natbib\natbib.sty"
Package: natbib 2010/09/13 8.31b (PWD, AO)
\bibhang=\skip46
\bibsep=\skip47
LaTeX Info: Redefining \cite on input line 694.
\c@NAT@ctr=\count108
)
("D:\Program Files\MiKTeX 2.9\tex\latex\graphics\color.sty"
Package: color 2016/07/10 v1.1e Standard LaTeX Color (DPC)

("D:\Program Files\MiKTeX 2.9\tex\latex\graphics-cfg\color.cfg"
File: color.cfg 2016/01/02 v1.6 sample color configuration
)
Package color Info: Driver file: pdftex.def on input line 147.
)
("D:\Program Files\MiKTeX 2.9\tex\latex\listings\lstlang1.sty"
File: lstlang1.sty 2015/06/04 1.6 listings language file
)
\c@lemma=\count109
\c@theorem=\count110
\c@mylineno=\count111

(polar_decom.aux)
\openout1 = `polar_decom.aux'.

LaTeX Font Info:    Checking defaults for OML/cmm/m/it on input line 126.
LaTeX Font Info:    ... okay on input line 126.
LaTeX Font Info:    Checking defaults for T1/cmr/m/n on input line 126.
LaTeX Font Info:    ... okay on input line 126.
LaTeX Font Info:    Checking defaults for OT1/cmr/m/n on input line 126.
LaTeX Font Info:    ... okay on input line 126.
LaTeX Font Info:    Checking defaults for OMS/cmsy/m/n on input line 126.
LaTeX Font Info:    ... okay on input line 126.
LaTeX Font Info:    Checking defaults for OMX/cmex/m/n on input line 126.
LaTeX Font Info:    ... okay on input line 126.
LaTeX Font Info:    Checking defaults for U/cmr/m/n on input line 126.
LaTeX Font Info:    ... okay on input line 126.
\c@lstlisting=\count112
 ("D:\Program Files\MiKTeX 2.9\tex\context\base\supp-pdf.mkii"
[Loading MPS to PDF converter (version 2006.09.02).]
\scratchcounter=\count113
\scratchdimen=\dimen118
\scratchbox=\box30
\nofMPsegments=\count114
\nofMParguments=\count115
\everyMPshowfont=\toks21
\MPscratchCnt=\count116
\MPscratchDim=\dimen119
\MPnumerator=\count117
\makeMPintoPDFobject=\count118
\everyMPtoPDFconversion=\toks22
) ("D:\Program Files\MiKTeX 2.9\tex\latex\oberdiek\epstopdf-base.sty"
Package: epstopdf-base 2016/05/15 v2.6 Base part for package epstopdf

("D:\Program Files\MiKTeX 2.9\tex\generic\oberdiek\infwarerr.sty"
Package: infwarerr 2016/05/16 v1.4 Providing info/warning/error messages (HO)
)
("D:\Program Files\MiKTeX 2.9\tex\latex\oberdiek\grfext.sty"
Package: grfext 2016/05/16 v1.2 Manage graphics extensions (HO)

("D:\Program Files\MiKTeX 2.9\tex\generic\oberdiek\kvdefinekeys.sty"
Package: kvdefinekeys 2016/05/16 v1.4 Define keys (HO)

("D:\Program Files\MiKTeX 2.9\tex\generic\oberdiek\ltxcmds.sty"
Package: ltxcmds 2016/05/16 v1.23 LaTeX kernel commands for general use (HO)
)))
("D:\Program Files\MiKTeX 2.9\tex\latex\oberdiek\kvoptions.sty"
Package: kvoptions 2016/05/16 v3.12 Key value format for package options (HO)

("D:\Program Files\MiKTeX 2.9\tex\generic\oberdiek\kvsetkeys.sty"
Package: kvsetkeys 2016/05/16 v1.17 Key value parser (HO)

("D:\Program Files\MiKTeX 2.9\tex\generic\oberdiek\etexcmds.sty"
Package: etexcmds 2016/05/16 v1.6 Avoid name clashes with e-TeX commands (HO)

("D:\Program Files\MiKTeX 2.9\tex\generic\oberdiek\ifluatex.sty"
Package: ifluatex 2016/05/16 v1.4 Provides the ifluatex switch (HO)
Package ifluatex Info: LuaTeX not detected.
)
Package etexcmds Info: Could not find \expanded.
(etexcmds)             That can mean that you are not using pdfTeX 1.50 or
(etexcmds)             that some package has redefined \expanded.
(etexcmds)             In the latter case, load this package earlier.
)))
("D:\Program Files\MiKTeX 2.9\tex\generic\oberdiek\pdftexcmds.sty"
Package: pdftexcmds 2018/01/30 v0.27 Utility functions of pdfTeX for LuaTeX (HO
)

("D:\Program Files\MiKTeX 2.9\tex\generic\oberdiek\ifpdf.sty"
Package: ifpdf 2017/03/15 v3.2 Provides the ifpdf switch
)
Package pdftexcmds Info: LuaTeX not detected.
Package pdftexcmds Info: \pdf@primitive is available.
Package pdftexcmds Info: \pdf@ifprimitive is available.
Package pdftexcmds Info: \pdfdraftmode found.
)
Package epstopdf-base Info: Redefining graphics rule for `.eps' on input line 4
38.
Package grfext Info: Graphics extension search list:
(grfext)             [.pdf,.png,.jpg,.mps,.jpeg,.jbig2,.jb2,.PDF,.PNG,.JPG,.JPE
G,.JBIG2,.JB2,.eps]
(grfext)             \AppendGraphicsExtensions on input line 456.
)
LaTeX Font Info:    Try loading font information for U+msa on input line 127.

("D:\Program Files\MiKTeX 2.9\tex\latex\amsfonts\umsa.fd"
File: umsa.fd 2013/01/14 v3.01 AMS symbols A
)
LaTeX Font Info:    Try loading font information for U+msb on input line 127.

("D:\Program Files\MiKTeX 2.9\tex\latex\amsfonts\umsb.fd"
File: umsb.fd 2013/01/14 v3.01 AMS symbols B
)
LaTeX Font Info:    Try loading font information for OMS+cmr on input line 127.


("D:\Program Files\MiKTeX 2.9\tex\latex\base\omscmr.fd"
File: omscmr.fd 2014/09/29 v2.5h Standard LaTeX font definitions
)
LaTeX Font Info:    Font shape `OMS/cmr/m/n' in size <10> not available
(Font)              Font shape `OMS/cmsy/m/n' tried instead on input line 127.
LaTeX Font Info:    Font shape `OMS/cmr/m/n' in size <7> not available
(Font)              Font shape `OMS/cmsy/m/n' tried instead on input line 127.

Underfull \hbox (badness 10000) in paragraph at lines 127--127
[][]\OT1/cmr/m/n/10 School of Math-e-mat-ics, Uni-ver-sity of Manch-ester, Manc
h-ester, M13 9PL, Eng-land
 []

[1

{C:/Users/26947/AppData/Local/MiKTeX/2.9/pdftex/config/pdftex.map}] [2]
[3] [4]
Package epstopdf Info: Source file: <function.eps>
(epstopdf)                    date: 2018-10-22 17:22:16
(epstopdf)                    size: 101958 bytes
(epstopdf)             Output file: <function-eps-converted-to.pdf>
(epstopdf)                    date: 2018-10-22 17:22:18
(epstopdf)                    size: 34063 bytes
(epstopdf)             Command: <epstopdf --outfile=function-eps-converted-to.p
df function.eps>
(epstopdf)             \includegraphics on input line 382.
Package epstopdf Info: Output file is already uptodate.
<function-eps-converted-to.pdf, id=31, 421.575pt x 316.18124pt>
File: function-eps-converted-to.pdf Graphic file (type pdf)
<use function-eps-converted-to.pdf>
Package pdftex.def Info: function-eps-converted-to.pdf  used on input line 382.

(pdftex.def)             Requested size: 271.44203pt x 203.58556pt.


LaTeX Warning: `h' float specifier changed to `ht'.

[5] [6 <./function-eps-converted-to.pdf>]
Overfull \hbox (6.50865pt too wide) in paragraph at lines 418--419
\OT1/cmr/bx/n/12 Q9. \OT1/cmr/m/n/12 The link to my GitHub repos-i-tory: [][]\O
T1/cmtt/m/n/12 https://github.com/Xiaobo-Liu/polar_decom[]\OT1/cmr/m/n/12 . 
 []

[7] [8] (polar_decom.bbl) [9]
Package epstopdf Info: Source file: <randn5.eps>
(epstopdf)                    date: 2018-10-27 15:27:55
(epstopdf)                    size: 23357 bytes
(epstopdf)             Output file: <randn5-eps-converted-to.pdf>
(epstopdf)                    date: 2018-10-27 15:27:58
(epstopdf)                    size: 3963 bytes
(epstopdf)             Command: <epstopdf --outfile=randn5-eps-converted-to.pdf
 randn5.eps>
(epstopdf)             \includegraphics on input line 514.
Package epstopdf Info: Output file is already uptodate.
<randn5-eps-converted-to.pdf, id=52, 421.575pt x 316.18124pt>
File: randn5-eps-converted-to.pdf Graphic file (type pdf)
<use randn5-eps-converted-to.pdf>
Package pdftex.def Info: randn5-eps-converted-to.pdf  used on input line 514.
(pdftex.def)             Requested size: 303.10637pt x 227.3319pt.
Package epstopdf Info: Source file: <randn20.eps>
(epstopdf)                    date: 2018-10-27 15:32:00
(epstopdf)                    size: 23724 bytes
(epstopdf)             Output file: <randn20-eps-converted-to.pdf>
(epstopdf)                    date: 2018-10-27 15:32:26
(epstopdf)                    size: 3993 bytes
(epstopdf)             Command: <epstopdf --outfile=randn20-eps-converted-to.pd
f randn20.eps>
(epstopdf)             \includegraphics on input line 521.
Package epstopdf Info: Output file is already uptodate.
<randn20-eps-converted-to.pdf, id=53, 421.575pt x 316.18124pt>
File: randn20-eps-converted-to.pdf Graphic file (type pdf)
<use randn20-eps-converted-to.pdf>
Package pdftex.def Info: randn20-eps-converted-to.pdf  used on input line 521.
(pdftex.def)             Requested size: 303.10637pt x 227.3319pt.
Package epstopdf Info: Source file: <randn100.eps>
(epstopdf)                    date: 2018-10-27 15:33:31
(epstopdf)                    size: 23724 bytes
(epstopdf)             Output file: <randn100-eps-converted-to.pdf>
(epstopdf)                    date: 2018-10-27 15:34:41
(epstopdf)                    size: 3999 bytes
(epstopdf)             Command: <epstopdf --outfile=randn100-eps-converted-to.p
df randn100.eps>
(epstopdf)             \includegraphics on input line 527.
Package epstopdf Info: Output file is already uptodate.
<randn100-eps-converted-to.pdf, id=54, 421.575pt x 316.18124pt>
File: randn100-eps-converted-to.pdf Graphic file (type pdf)
<use randn100-eps-converted-to.pdf>
Package pdftex.def Info: randn100-eps-converted-to.pdf  used on input line 527.

(pdftex.def)             Requested size: 316.67778pt x 237.51166pt.


LaTeX Warning: `h' float specifier changed to `ht'.

Package epstopdf Info: Source file: <hilb6.eps>
(epstopdf)                    date: 2018-10-25 16:15:10
(epstopdf)                    size: 26412 bytes
(epstopdf)             Output file: <hilb6-eps-converted-to.pdf>
(epstopdf)                    date: 2018-10-25 16:15:49
(epstopdf)                    size: 4344 bytes
(epstopdf)             Command: <epstopdf --outfile=hilb6-eps-converted-to.pdf 
hilb6.eps>
(epstopdf)             \includegraphics on input line 533.
Package epstopdf Info: Output file is already uptodate.
<hilb6-eps-converted-to.pdf, id=55, 421.575pt x 316.18124pt>
File: hilb6-eps-converted-to.pdf Graphic file (type pdf)
<use hilb6-eps-converted-to.pdf>
Package pdftex.def Info: hilb6-eps-converted-to.pdf  used on input line 533.
(pdftex.def)             Requested size: 316.67778pt x 237.51166pt.

LaTeX Warning: `h' float specifier changed to `ht'.

Package epstopdf Info: Source file: <magic6.eps>
(epstopdf)                    date: 2018-10-25 16:19:48
(epstopdf)                    size: 21960 bytes
(epstopdf)             Output file: <magic6-eps-converted-to.pdf>
(epstopdf)                    date: 2018-10-25 16:29:28
(epstopdf)                    size: 4179 bytes
(epstopdf)             Command: <epstopdf --outfile=magic6-eps-converted-to.pdf
 magic6.eps>
(epstopdf)             \includegraphics on input line 539.
Package epstopdf Info: Output file is already uptodate.
<magic6-eps-converted-to.pdf, id=56, 421.575pt x 316.18124pt>
File: magic6-eps-converted-to.pdf Graphic file (type pdf)
<use magic6-eps-converted-to.pdf>
Package pdftex.def Info: magic6-eps-converted-to.pdf  used on input line 539.
(pdftex.def)             Requested size: 316.67778pt x 237.51166pt.

LaTeX Warning: `h' float specifier changed to `ht'.

Package epstopdf Info: Source file: <hadamard8.eps>
(epstopdf)                    date: 2018-10-25 16:27:08
(epstopdf)                    size: 23005 bytes
(epstopdf)             Output file: <hadamard8-eps-converted-to.pdf>
(epstopdf)                    date: 2018-10-25 16:27:30
(epstopdf)                    size: 3930 bytes
(epstopdf)             Command: <epstopdf --outfile=hadamard8-eps-converted-to.
pdf hadamard8.eps>
(epstopdf)             \includegraphics on input line 545.
Package epstopdf Info: Output file is already uptodate.
<hadamard8-eps-converted-to.pdf, id=57, 421.575pt x 316.18124pt>
File: hadamard8-eps-converted-to.pdf Graphic file (type pdf)
<use hadamard8-eps-converted-to.pdf>
Package pdftex.def Info: hadamard8-eps-converted-to.pdf  used on input line 545
.
(pdftex.def)             Requested size: 316.67778pt x 237.51166pt.

LaTeX Warning: `h' float specifier changed to `ht'.

[10

 <./randn5-eps-converted-to.pdf> <./randn20-eps-converted-to.pdf>] [11 <./randn
100-eps-converted-to.pdf> <./hilb6-eps-converted-to.pdf>] [12 <./magic6-eps-con
verted-to.pdf> <./hadamard8-eps-converted-to.pdf>] [13

] [14]
(polar_decom.aux) ) 
Here is how much of TeX's memory you used:
 5126 strings out of 492973
 66219 string characters out of 3135932
 219098 words of memory out of 3000000
 8925 multiletter control sequences out of 15000+200000
 13893 words of font info for 55 fonts, out of 3000000 for 9000
 1141 hyphenation exceptions out of 8191
 41i,11n,40p,980b,2211s stack positions out of 5000i,500n,10000p,200000b,50000s
<D:/Program Files/MiKTeX 2.9/fonts/type1/public/amsfonts/cm/
cmbx12.pfb><D:/Program Files/MiKTeX 2.9/fonts/type1/public/amsfonts/cm/cmex10.p
fb><D:/Program Files/MiKTeX 2.9/fonts/type1/public/amsfonts/cm/cmmi12.pfb><D:/P
rogram Files/MiKTeX 2.9/fonts/type1/public/amsfonts/cm/cmmi6.pfb><D:/Program Fi
les/MiKTeX 2.9/fonts/type1/public/amsfonts/cm/cmmi8.pfb><D:/Program Files/MiKTe
X 2.9/fonts/type1/public/amsfonts/cm/cmr10.pfb><D:/Program Files/MiKTeX 2.9/fon
ts/type1/public/amsfonts/cm/cmr12.pfb><D:/Program Files/MiKTeX 2.9/fonts/type1/
public/amsfonts/cm/cmr17.pfb><D:/Program Files/MiKTeX 2.9/fonts/type1/public/am
sfonts/cm/cmr6.pfb><D:/Program Files/MiKTeX 2.9/fonts/type1/public/amsfonts/cm/
cmr8.pfb><D:/Program Files/MiKTeX 2.9/fonts/type1/public/amsfonts/cm/cmsy10.pfb
><D:/Program Files/MiKTeX 2.9/fonts/type1/public/amsfonts/cm/cmsy6.pfb><D:/Prog
ram Files/MiKTeX 2.9/fonts/type1/public/amsfonts/cm/cmsy7.pfb><D:/Program Files
/MiKTeX 2.9/fonts/type1/public/amsfonts/cm/cmsy8.pfb><D:/Program Files/MiKTeX 2
.9/fonts/type1/public/amsfonts/cm/cmti12.pfb><D:/Program Files/MiKTeX 2.9/fonts
/type1/public/amsfonts/cm/cmtt10.pfb><D:/Program Files/MiKTeX 2.9/fonts/type1/p
ublic/amsfonts/cm/cmtt12.pfb><D:/Program Files/MiKTeX 2.9/fonts/type1/public/am
sfonts/symbols/msbm10.pfb>
Output written on polar_decom.pdf (14 pages, 293572 bytes).
PDF statistics:
 148 PDF objects out of 1000 (max. 8388607)
 0 named destinations out of 1000 (max. 500000)
 36 words of extra memory for PDF output out of 10000 (max. 10000000)

